[2019-11-22 10:05:27.014] [exthost] [info] extension host started
[2019-11-22 10:05:27.031] [exthost] [info] ExtensionService#_doActivateExtension vscode.debug-auto-launch {"startup":true,"extensionId":{"value":"vscode.debug-auto-launch","_lower":"vscode.debug-auto-launch"},"activationEvent":"*"}
[2019-11-22 10:05:27.031] [exthost] [info] ExtensionService#loadCommonJSModule file:///var/lib/snapd/snap/code/18/usr/share/code/resources/app/extensions/debug-auto-launch/dist/extension
[2019-11-22 10:05:27.038] [exthost] [info] ExtensionService#_doActivateExtension vscode.emmet {"startup":true,"extensionId":{"value":"vscode.emmet","_lower":"vscode.emmet"},"activationEvent":"*"}
[2019-11-22 10:05:27.038] [exthost] [info] ExtensionService#loadCommonJSModule file:///var/lib/snapd/snap/code/18/usr/share/code/resources/app/extensions/emmet/dist/extension
[2019-11-22 10:05:27.071] [exthost] [info] ExtensionService#_doActivateExtension vscode.git {"startup":true,"extensionId":{"value":"vscode.git","_lower":"vscode.git"},"activationEvent":"*"}
[2019-11-22 10:05:27.071] [exthost] [info] ExtensionService#loadCommonJSModule file:///var/lib/snapd/snap/code/18/usr/share/code/resources/app/extensions/git/dist/main
[2019-11-22 10:05:27.142] [exthost] [info] ExtensionService#_doActivateExtension vscode.merge-conflict {"startup":true,"extensionId":{"value":"vscode.merge-conflict","_lower":"vscode.merge-conflict"},"activationEvent":"*"}
[2019-11-22 10:05:27.142] [exthost] [info] ExtensionService#loadCommonJSModule file:///var/lib/snapd/snap/code/18/usr/share/code/resources/app/extensions/merge-conflict/dist/extension
[2019-11-22 10:05:27.146] [exthost] [info] ExtensionService#_doActivateExtension abierbaum.vscode-file-peek {"startup":true,"extensionId":{"value":"abierbaum.vscode-file-peek","_lower":"abierbaum.vscode-file-peek"},"activationEvent":"*"}
[2019-11-22 10:05:27.146] [exthost] [info] ExtensionService#loadCommonJSModule file:///home/tascord/.vscode/extensions/abierbaum.vscode-file-peek-1.0.1/out/src/extension
[2019-11-22 10:05:27.148] [exthost] [info] ExtensionService#_doActivateExtension gencer.html-slim-scss-css-class-completion {"startup":true,"extensionId":{"value":"gencer.html-slim-scss-css-class-completion","_lower":"gencer.html-slim-scss-css-class-completion"},"activationEvent":"*"}
[2019-11-22 10:05:27.148] [exthost] [info] ExtensionService#loadCommonJSModule file:///home/tascord/.vscode/extensions/gencer.html-slim-scss-css-class-completion-1.5.23/dist/extension
[2019-11-22 10:05:27.243] [exthost] [info] ExtensionService#_doActivateExtension pranaygp.vscode-css-peek {"startup":true,"extensionId":{"value":"pranaygp.vscode-css-peek","_lower":"pranaygp.vscode-css-peek"},"activationEvent":"*"}
[2019-11-22 10:05:27.244] [exthost] [info] ExtensionService#loadCommonJSModule file:///home/tascord/.vscode/extensions/pranaygp.vscode-css-peek-3.0.2/out/client/src/extension
[2019-11-22 10:05:27.282] [exthost] [info] ExtensionService#_doActivateExtension ritwickdey.LiveServer {"startup":true,"extensionId":{"value":"ritwickdey.LiveServer","_lower":"ritwickdey.liveserver"},"activationEvent":"*"}
[2019-11-22 10:05:27.283] [exthost] [info] ExtensionService#loadCommonJSModule file:///home/tascord/.vscode/extensions/ritwickdey.liveserver-5.6.1/out/src/extension
[2019-11-22 10:05:27.970] [exthost] [info] ExtensionService#_doActivateExtension ritwickdey.live-sass {"startup":true,"extensionId":{"value":"ritwickdey.live-sass","_lower":"ritwickdey.live-sass"},"activationEvent":"workspaceContains:**/*.s[ac]ss"}
[2019-11-22 10:05:27.970] [exthost] [info] ExtensionService#loadCommonJSModule file:///home/tascord/.vscode/extensions/ritwickdey.live-sass-3.0.0/out/src/extension
[2019-11-22 10:05:28.843] [exthost] [info] eager extensions activated
[2019-11-22 10:05:31.021] [exthost] [info] ExtensionService#_doActivateExtension vscode.typescript-language-features {"startup":false,"extensionId":{"value":"vscode.typescript-language-features","_lower":"vscode.typescript-language-features"},"activationEvent":"onLanguage:javascript"}
[2019-11-22 10:05:31.021] [exthost] [info] ExtensionService#loadCommonJSModule file:///var/lib/snapd/snap/code/18/usr/share/code/resources/app/extensions/typescript-language-features/dist/extension
[2019-11-22 10:18:17.707] [exthost] [info] extension host started
[2019-11-22 10:18:17.717] [exthost] [info] ExtensionService#_doActivateExtension vscode.debug-auto-launch {"startup":true,"extensionId":{"value":"vscode.debug-auto-launch","_lower":"vscode.debug-auto-launch"},"activationEvent":"*"}
[2019-11-22 10:18:17.717] [exthost] [info] ExtensionService#loadCommonJSModule file:///var/lib/snapd/snap/code/18/usr/share/code/resources/app/extensions/debug-auto-launch/dist/extension
[2019-11-22 10:18:17.721] [exthost] [info] ExtensionService#_doActivateExtension vscode.emmet {"startup":true,"extensionId":{"value":"vscode.emmet","_lower":"vscode.emmet"},"activationEvent":"*"}
[2019-11-22 10:18:17.721] [exthost] [info] ExtensionService#loadCommonJSModule file:///var/lib/snapd/snap/code/18/usr/share/code/resources/app/extensions/emmet/dist/extension
[2019-11-22 10:18:17.746] [exthost] [info] ExtensionService#_doActivateExtension vscode.git {"startup":true,"extensionId":{"value":"vscode.git","_lower":"vscode.git"},"activationEvent":"*"}
[2019-11-22 10:18:17.746] [exthost] [info] ExtensionService#loadCommonJSModule file:///var/lib/snapd/snap/code/18/usr/share/code/resources/app/extensions/git/dist/main
[2019-11-22 10:18:17.797] [exthost] [info] ExtensionService#_doActivateExtension vscode.merge-conflict {"startup":true,"extensionId":{"value":"vscode.merge-conflict","_lower":"vscode.merge-conflict"},"activationEvent":"*"}
[2019-11-22 10:18:17.797] [exthost] [info] ExtensionService#loadCommonJSModule file:///var/lib/snapd/snap/code/18/usr/share/code/resources/app/extensions/merge-conflict/dist/extension
[2019-11-22 10:18:17.800] [exthost] [info] ExtensionService#_doActivateExtension abierbaum.vscode-file-peek {"startup":true,"extensionId":{"value":"abierbaum.vscode-file-peek","_lower":"abierbaum.vscode-file-peek"},"activationEvent":"*"}
[2019-11-22 10:18:17.800] [exthost] [info] ExtensionService#loadCommonJSModule file:///home/tascord/.vscode/extensions/abierbaum.vscode-file-peek-1.0.1/out/src/extension
[2019-11-22 10:18:17.801] [exthost] [info] ExtensionService#_doActivateExtension gencer.html-slim-scss-css-class-completion {"startup":true,"extensionId":{"value":"gencer.html-slim-scss-css-class-completion","_lower":"gencer.html-slim-scss-css-class-completion"},"activationEvent":"*"}
[2019-11-22 10:18:17.801] [exthost] [info] ExtensionService#loadCommonJSModule file:///home/tascord/.vscode/extensions/gencer.html-slim-scss-css-class-completion-1.5.23/dist/extension
[2019-11-22 10:18:17.907] [exthost] [info] ExtensionService#_doActivateExtension pranaygp.vscode-css-peek {"startup":true,"extensionId":{"value":"pranaygp.vscode-css-peek","_lower":"pranaygp.vscode-css-peek"},"activationEvent":"*"}
[2019-11-22 10:18:17.907] [exthost] [info] ExtensionService#loadCommonJSModule file:///home/tascord/.vscode/extensions/pranaygp.vscode-css-peek-3.0.2/out/client/src/extension
[2019-11-22 10:18:17.933] [exthost] [info] ExtensionService#_doActivateExtension ritwickdey.LiveServer {"startup":true,"extensionId":{"value":"ritwickdey.LiveServer","_lower":"ritwickdey.liveserver"},"activationEvent":"*"}
[2019-11-22 10:18:17.933] [exthost] [info] ExtensionService#loadCommonJSModule file:///home/tascord/.vscode/extensions/ritwickdey.liveserver-5.6.1/out/src/extension
[2019-11-22 10:18:18.267] [exthost] [info] eager extensions activated
