[2019-11-22 09:39:47.964] [exthost] [info] extension host started
[2019-11-22 09:39:47.995] [exthost] [info] ExtensionService#_doActivateExtension kalitaalexey.vscode-rust {"startup":false,"extensionId":{"value":"kalitaalexey.vscode-rust","_lower":"kalitaalexey.vscode-rust"},"activationEvent":"onLanguage:rust"}
[2019-11-22 09:39:47.996] [exthost] [info] ExtensionService#loadCommonJSModule file:///home/tascord/.vscode/extensions/kalitaalexey.vscode-rust-0.4.2/out/src/extension
[2019-11-22 09:39:48.062] [exthost] [info] ExtensionService#_doActivateExtension vscode.debug-auto-launch {"startup":true,"extensionId":{"value":"vscode.debug-auto-launch","_lower":"vscode.debug-auto-launch"},"activationEvent":"*"}
[2019-11-22 09:39:48.062] [exthost] [info] ExtensionService#loadCommonJSModule file:///var/lib/snapd/snap/code/18/usr/share/code/resources/app/extensions/debug-auto-launch/dist/extension
[2019-11-22 09:39:48.065] [exthost] [info] ExtensionService#_doActivateExtension vscode.emmet {"startup":true,"extensionId":{"value":"vscode.emmet","_lower":"vscode.emmet"},"activationEvent":"*"}
[2019-11-22 09:39:48.065] [exthost] [info] ExtensionService#loadCommonJSModule file:///var/lib/snapd/snap/code/18/usr/share/code/resources/app/extensions/emmet/dist/extension
[2019-11-22 09:39:48.098] [exthost] [info] ExtensionService#_doActivateExtension vscode.git {"startup":true,"extensionId":{"value":"vscode.git","_lower":"vscode.git"},"activationEvent":"*"}
[2019-11-22 09:39:48.098] [exthost] [info] ExtensionService#loadCommonJSModule file:///var/lib/snapd/snap/code/18/usr/share/code/resources/app/extensions/git/dist/main
[2019-11-22 09:39:48.155] [exthost] [info] ExtensionService#_doActivateExtension vscode.merge-conflict {"startup":true,"extensionId":{"value":"vscode.merge-conflict","_lower":"vscode.merge-conflict"},"activationEvent":"*"}
[2019-11-22 09:39:48.155] [exthost] [info] ExtensionService#loadCommonJSModule file:///var/lib/snapd/snap/code/18/usr/share/code/resources/app/extensions/merge-conflict/dist/extension
[2019-11-22 09:39:48.158] [exthost] [info] ExtensionService#_doActivateExtension gencer.html-slim-scss-css-class-completion {"startup":true,"extensionId":{"value":"gencer.html-slim-scss-css-class-completion","_lower":"gencer.html-slim-scss-css-class-completion"},"activationEvent":"*"}
[2019-11-22 09:39:48.158] [exthost] [info] ExtensionService#loadCommonJSModule file:///home/tascord/.vscode/extensions/gencer.html-slim-scss-css-class-completion-1.5.23/dist/extension
[2019-11-22 09:39:48.262] [exthost] [info] ExtensionService#_doActivateExtension pranaygp.vscode-css-peek {"startup":true,"extensionId":{"value":"pranaygp.vscode-css-peek","_lower":"pranaygp.vscode-css-peek"},"activationEvent":"*"}
[2019-11-22 09:39:48.262] [exthost] [info] ExtensionService#loadCommonJSModule file:///home/tascord/.vscode/extensions/pranaygp.vscode-css-peek-3.0.2/out/client/src/extension
[2019-11-22 09:39:48.291] [exthost] [info] ExtensionService#_doActivateExtension ritwickdey.LiveServer {"startup":true,"extensionId":{"value":"ritwickdey.LiveServer","_lower":"ritwickdey.liveserver"},"activationEvent":"*"}
[2019-11-22 09:39:48.291] [exthost] [info] ExtensionService#loadCommonJSModule file:///home/tascord/.vscode/extensions/ritwickdey.liveserver-5.6.1/out/src/extension
[2019-11-22 09:39:48.712] [exthost] [info] eager extensions activated
[2019-11-22 09:40:17.680] [exthost] [info] extension host started
[2019-11-22 09:40:17.696] [exthost] [info] ExtensionService#_doActivateExtension vscode.debug-auto-launch {"startup":true,"extensionId":{"value":"vscode.debug-auto-launch","_lower":"vscode.debug-auto-launch"},"activationEvent":"*"}
[2019-11-22 09:40:17.696] [exthost] [info] ExtensionService#loadCommonJSModule file:///var/lib/snapd/snap/code/18/usr/share/code/resources/app/extensions/debug-auto-launch/dist/extension
[2019-11-22 09:40:17.700] [exthost] [info] ExtensionService#_doActivateExtension vscode.emmet {"startup":true,"extensionId":{"value":"vscode.emmet","_lower":"vscode.emmet"},"activationEvent":"*"}
[2019-11-22 09:40:17.700] [exthost] [info] ExtensionService#loadCommonJSModule file:///var/lib/snapd/snap/code/18/usr/share/code/resources/app/extensions/emmet/dist/extension
[2019-11-22 09:40:17.724] [exthost] [info] ExtensionService#_doActivateExtension vscode.git {"startup":true,"extensionId":{"value":"vscode.git","_lower":"vscode.git"},"activationEvent":"*"}
[2019-11-22 09:40:17.724] [exthost] [info] ExtensionService#loadCommonJSModule file:///var/lib/snapd/snap/code/18/usr/share/code/resources/app/extensions/git/dist/main
[2019-11-22 09:40:17.768] [exthost] [info] ExtensionService#_doActivateExtension vscode.merge-conflict {"startup":true,"extensionId":{"value":"vscode.merge-conflict","_lower":"vscode.merge-conflict"},"activationEvent":"*"}
[2019-11-22 09:40:17.769] [exthost] [info] ExtensionService#loadCommonJSModule file:///var/lib/snapd/snap/code/18/usr/share/code/resources/app/extensions/merge-conflict/dist/extension
[2019-11-22 09:40:17.771] [exthost] [info] ExtensionService#_doActivateExtension gencer.html-slim-scss-css-class-completion {"startup":true,"extensionId":{"value":"gencer.html-slim-scss-css-class-completion","_lower":"gencer.html-slim-scss-css-class-completion"},"activationEvent":"*"}
[2019-11-22 09:40:17.771] [exthost] [info] ExtensionService#loadCommonJSModule file:///home/tascord/.vscode/extensions/gencer.html-slim-scss-css-class-completion-1.5.23/dist/extension
[2019-11-22 09:40:17.855] [exthost] [info] ExtensionService#_doActivateExtension pranaygp.vscode-css-peek {"startup":true,"extensionId":{"value":"pranaygp.vscode-css-peek","_lower":"pranaygp.vscode-css-peek"},"activationEvent":"*"}
[2019-11-22 09:40:17.855] [exthost] [info] ExtensionService#loadCommonJSModule file:///home/tascord/.vscode/extensions/pranaygp.vscode-css-peek-3.0.2/out/client/src/extension
[2019-11-22 09:40:17.883] [exthost] [info] ExtensionService#_doActivateExtension ritwickdey.LiveServer {"startup":true,"extensionId":{"value":"ritwickdey.LiveServer","_lower":"ritwickdey.liveserver"},"activationEvent":"*"}
[2019-11-22 09:40:17.883] [exthost] [info] ExtensionService#loadCommonJSModule file:///home/tascord/.vscode/extensions/ritwickdey.liveserver-5.6.1/out/src/extension
[2019-11-22 09:40:18.251] [exthost] [info] eager extensions activated
[2019-11-22 09:40:23.980] [exthost] [info] ExtensionService#_doActivateExtension vscode.html-language-features {"startup":false,"extensionId":{"value":"vscode.html-language-features","_lower":"vscode.html-language-features"},"activationEvent":"onLanguage:html"}
[2019-11-22 09:40:23.980] [exthost] [info] ExtensionService#loadCommonJSModule file:///var/lib/snapd/snap/code/18/usr/share/code/resources/app/extensions/html-language-features/client/dist/htmlMain
[2019-11-22 09:40:29.886] [exthost] [info] ExtensionService#_doActivateExtension vscode.css-language-features {"startup":false,"extensionId":{"value":"vscode.css-language-features","_lower":"vscode.css-language-features"},"activationEvent":"onLanguage:scss"}
[2019-11-22 09:40:29.886] [exthost] [info] ExtensionService#loadCommonJSModule file:///var/lib/snapd/snap/code/18/usr/share/code/resources/app/extensions/css-language-features/client/dist/cssMain
[2019-11-22 09:40:29.916] [exthost] [info] ExtensionService#_doActivateExtension ritwickdey.live-sass {"startup":false,"extensionId":{"value":"ritwickdey.live-sass","_lower":"ritwickdey.live-sass"},"activationEvent":"onLanguage:scss"}
[2019-11-22 09:40:29.916] [exthost] [info] ExtensionService#loadCommonJSModule file:///home/tascord/.vscode/extensions/ritwickdey.live-sass-3.0.0/out/src/extension
[2019-11-22 09:43:23.438] [exthost] [info] ExtensionService#_doActivateExtension abierbaum.vscode-file-peek {"startup":false,"extensionId":{"value":"abierbaum.vscode-file-peek","_lower":"abierbaum.vscode-file-peek"},"activationEvent":"*"}
[2019-11-22 09:43:23.438] [exthost] [info] ExtensionService#loadCommonJSModule file:///home/tascord/.vscode/extensions/abierbaum.vscode-file-peek-1.0.1/out/src/extension
