[Server(2939) file:///home/tascord/Documents/OkGoogle/InvSys] Started and initialize received
[Server(2939) file:///home/tascord/Documents/OkGoogle/InvSys] Setup a stylesheet lookup map
[Server(2939) file:///home/tascord/Documents/OkGoogle/InvSys] Document opened: file:///home/tascord/Documents/OkGoogle/InvSys/app.js
[Server(2939) file:///home/tascord/Documents/OkGoogle/InvSys] Document changed: file:///home/tascord/Documents/OkGoogle/InvSys/app.js
[Server(2939) file:///home/tascord/Documents/OkGoogle/InvSys] Document changed: file:///home/tascord/Documents/OkGoogle/InvSys/app.js
[Server(2939) file:///home/tascord/Documents/OkGoogle/InvSys] Document changed: file:///home/tascord/Documents/OkGoogle/InvSys/app.js
[Server(2939) file:///home/tascord/Documents/OkGoogle/InvSys] Document changed: file:///home/tascord/Documents/OkGoogle/InvSys/app.js
[Server(2939) file:///home/tascord/Documents/OkGoogle/InvSys] Document changed: file:///home/tascord/Documents/OkGoogle/InvSys/app.js
[Server(2939) file:///home/tascord/Documents/OkGoogle/InvSys] Document changed: file:///home/tascord/Documents/OkGoogle/InvSys/app.js
[Server(2939) file:///home/tascord/Documents/OkGoogle/InvSys] Document changed: file:///home/tascord/Documents/OkGoogle/InvSys/app.js
[Server(2939) file:///home/tascord/Documents/OkGoogle/InvSys] Document changed: file:///home/tascord/Documents/OkGoogle/InvSys/app.js
[Server(2939) file:///home/tascord/Documents/OkGoogle/InvSys] Document changed: file:///home/tascord/Documents/OkGoogle/InvSys/app.js
[Server(2939) file:///home/tascord/Documents/OkGoogle/InvSys] Document changed: file:///home/tascord/Documents/OkGoogle/InvSys/app.js
[Server(2939) file:///home/tascord/Documents/OkGoogle/InvSys] Document changed: file:///home/tascord/Documents/OkGoogle/InvSys/app.js
[Server(2939) file:///home/tascord/Documents/OkGoogle/InvSys] Document changed: file:///home/tascord/Documents/OkGoogle/InvSys/app.js
[Server(2939) file:///home/tascord/Documents/OkGoogle/InvSys] Document changed: file:///home/tascord/Documents/OkGoogle/InvSys/app.js
[Server(2939) file:///home/tascord/Documents/OkGoogle/InvSys] Document changed: file:///home/tascord/Documents/OkGoogle/InvSys/app.js
[Server(2939) file:///home/tascord/Documents/OkGoogle/InvSys] Document changed: file:///home/tascord/Documents/OkGoogle/InvSys/app.js
[Server(2939) file:///home/tascord/Documents/OkGoogle/InvSys] Document changed: file:///home/tascord/Documents/OkGoogle/InvSys/app.js
[Server(2939) file:///home/tascord/Documents/OkGoogle/InvSys] Document changed: file:///home/tascord/Documents/OkGoogle/InvSys/app.js
[Server(2939) file:///home/tascord/Documents/OkGoogle/InvSys] Document changed: file:///home/tascord/Documents/OkGoogle/InvSys/app.js
[Server(2939) file:///home/tascord/Documents/OkGoogle/InvSys] Document changed: file:///home/tascord/Documents/OkGoogle/InvSys/app.js
[Server(2939) file:///home/tascord/Documents/OkGoogle/InvSys] Document changed: file:///home/tascord/Documents/OkGoogle/InvSys/app.js
[Server(2939) file:///home/tascord/Documents/OkGoogle/InvSys] Document changed: file:///home/tascord/Documents/OkGoogle/InvSys/app.js
[Server(2939) file:///home/tascord/Documents/OkGoogle/InvSys] Document changed: file:///home/tascord/Documents/OkGoogle/InvSys/app.js
[Server(2939) file:///home/tascord/Documents/OkGoogle/InvSys] Document changed: file:///home/tascord/Documents/OkGoogle/InvSys/app.js
[Server(2939) file:///home/tascord/Documents/OkGoogle/InvSys] Document changed: file:///home/tascord/Documents/OkGoogle/InvSys/app.js
[Server(2939) file:///home/tascord/Documents/OkGoogle/InvSys] Document changed: file:///home/tascord/Documents/OkGoogle/InvSys/app.js
[Server(2939) file:///home/tascord/Documents/OkGoogle/InvSys] Document changed: file:///home/tascord/Documents/OkGoogle/InvSys/app.js
[Server(2939) file:///home/tascord/Documents/OkGoogle/InvSys] Document changed: file:///home/tascord/Documents/OkGoogle/InvSys/app.js
[Server(2939) file:///home/tascord/Documents/OkGoogle/InvSys] Document changed: file:///home/tascord/Documents/OkGoogle/InvSys/app.js
[Server(2939) file:///home/tascord/Documents/OkGoogle/InvSys] Document changed: file:///home/tascord/Documents/OkGoogle/InvSys/app.js
[Server(2939) file:///home/tascord/Documents/OkGoogle/InvSys] Document changed: file:///home/tascord/Documents/OkGoogle/InvSys/app.js
[Server(2939) file:///home/tascord/Documents/OkGoogle/InvSys] Document changed: file:///home/tascord/Documents/OkGoogle/InvSys/app.js
[Server(2939) file:///home/tascord/Documents/OkGoogle/InvSys] Document changed: file:///home/tascord/Documents/OkGoogle/InvSys/app.js
[Server(2939) file:///home/tascord/Documents/OkGoogle/InvSys] Document changed: file:///home/tascord/Documents/OkGoogle/InvSys/app.js
[Server(2939) file:///home/tascord/Documents/OkGoogle/InvSys] Document changed: file:///home/tascord/Documents/OkGoogle/InvSys/app.js
[Server(2939) file:///home/tascord/Documents/OkGoogle/InvSys] Document changed: file:///home/tascord/Documents/OkGoogle/InvSys/app.js
[Server(2939) file:///home/tascord/Documents/OkGoogle/InvSys] Document changed: file:///home/tascord/Documents/OkGoogle/InvSys/app.js
[Server(2939) file:///home/tascord/Documents/OkGoogle/InvSys] Document changed: file:///home/tascord/Documents/OkGoogle/InvSys/app.js
[Server(2939) file:///home/tascord/Documents/OkGoogle/InvSys] Document changed: file:///home/tascord/Documents/OkGoogle/InvSys/app.js
[Server(2939) file:///home/tascord/Documents/OkGoogle/InvSys] Document changed: file:///home/tascord/Documents/OkGoogle/InvSys/app.js
[Server(2939) file:///home/tascord/Documents/OkGoogle/InvSys] Document changed: file:///home/tascord/Documents/OkGoogle/InvSys/app.js
[Server(2939) file:///home/tascord/Documents/OkGoogle/InvSys] Document changed: file:///home/tascord/Documents/OkGoogle/InvSys/app.js
[Server(2939) file:///home/tascord/Documents/OkGoogle/InvSys] Document changed: file:///home/tascord/Documents/OkGoogle/InvSys/app.js
[Server(2939) file:///home/tascord/Documents/OkGoogle/InvSys] Document changed: file:///home/tascord/Documents/OkGoogle/InvSys/app.js
[Server(2939) file:///home/tascord/Documents/OkGoogle/InvSys] Document changed: file:///home/tascord/Documents/OkGoogle/InvSys/app.js
[Server(2939) file:///home/tascord/Documents/OkGoogle/InvSys] Document changed: file:///home/tascord/Documents/OkGoogle/InvSys/app.js
[Server(2939) file:///home/tascord/Documents/OkGoogle/InvSys] Document changed: file:///home/tascord/Documents/OkGoogle/InvSys/app.js
[Server(2939) file:///home/tascord/Documents/OkGoogle/InvSys] Document changed: file:///home/tascord/Documents/OkGoogle/InvSys/app.js
[Server(2939) file:///home/tascord/Documents/OkGoogle/InvSys] Document changed: file:///home/tascord/Documents/OkGoogle/InvSys/app.js
[Server(2939) file:///home/tascord/Documents/OkGoogle/InvSys] Document changed: file:///home/tascord/Documents/OkGoogle/InvSys/app.js
[Server(2939) file:///home/tascord/Documents/OkGoogle/InvSys] Document changed: file:///home/tascord/Documents/OkGoogle/InvSys/app.js
[Server(2939) file:///home/tascord/Documents/OkGoogle/InvSys] Document changed: file:///home/tascord/Documents/OkGoogle/InvSys/app.js
[Server(2939) file:///home/tascord/Documents/OkGoogle/InvSys] Document changed: file:///home/tascord/Documents/OkGoogle/InvSys/app.js
[Server(2939) file:///home/tascord/Documents/OkGoogle/InvSys] Document changed: file:///home/tascord/Documents/OkGoogle/InvSys/app.js
[Server(2939) file:///home/tascord/Documents/OkGoogle/InvSys] Document changed: file:///home/tascord/Documents/OkGoogle/InvSys/app.js
[Server(2939) file:///home/tascord/Documents/OkGoogle/InvSys] Document changed: file:///home/tascord/Documents/OkGoogle/InvSys/app.js
[Server(2939) file:///home/tascord/Documents/OkGoogle/InvSys] Document changed: file:///home/tascord/Documents/OkGoogle/InvSys/app.js
[Server(2939) file:///home/tascord/Documents/OkGoogle/InvSys] Document changed: file:///home/tascord/Documents/OkGoogle/InvSys/app.js
[Server(2939) file:///home/tascord/Documents/OkGoogle/InvSys] Document changed: file:///home/tascord/Documents/OkGoogle/InvSys/app.js
[Server(2939) file:///home/tascord/Documents/OkGoogle/InvSys] Document changed: file:///home/tascord/Documents/OkGoogle/InvSys/app.js
[Server(2939) file:///home/tascord/Documents/OkGoogle/InvSys] Document changed: file:///home/tascord/Documents/OkGoogle/InvSys/app.js
[Server(2939) file:///home/tascord/Documents/OkGoogle/InvSys] Document changed: file:///home/tascord/Documents/OkGoogle/InvSys/app.js
[Server(2939) file:///home/tascord/Documents/OkGoogle/InvSys] Document changed: file:///home/tascord/Documents/OkGoogle/InvSys/app.js
[Server(2939) file:///home/tascord/Documents/OkGoogle/InvSys] Document changed: file:///home/tascord/Documents/OkGoogle/InvSys/app.js
[Server(2939) file:///home/tascord/Documents/OkGoogle/InvSys] Document changed: file:///home/tascord/Documents/OkGoogle/InvSys/app.js
[Server(2939) file:///home/tascord/Documents/OkGoogle/InvSys] Document changed: file:///home/tascord/Documents/OkGoogle/InvSys/app.js
[Server(2939) file:///home/tascord/Documents/OkGoogle/InvSys] Document changed: file:///home/tascord/Documents/OkGoogle/InvSys/app.js
[Server(2939) file:///home/tascord/Documents/OkGoogle/InvSys] Document changed: file:///home/tascord/Documents/OkGoogle/InvSys/app.js
[Server(2939) file:///home/tascord/Documents/OkGoogle/InvSys] Document changed: file:///home/tascord/Documents/OkGoogle/InvSys/app.js
[Server(2939) file:///home/tascord/Documents/OkGoogle/InvSys] Document changed: file:///home/tascord/Documents/OkGoogle/InvSys/app.js
[Server(2939) file:///home/tascord/Documents/OkGoogle/InvSys] Document changed: file:///home/tascord/Documents/OkGoogle/InvSys/app.js
[Server(2939) file:///home/tascord/Documents/OkGoogle/InvSys] Document changed: file:///home/tascord/Documents/OkGoogle/InvSys/app.js
[Server(2939) file:///home/tascord/Documents/OkGoogle/InvSys] Document changed: file:///home/tascord/Documents/OkGoogle/InvSys/app.js
[Server(2939) file:///home/tascord/Documents/OkGoogle/InvSys] Document changed: file:///home/tascord/Documents/OkGoogle/InvSys/app.js
[Server(2939) file:///home/tascord/Documents/OkGoogle/InvSys] Document changed: file:///home/tascord/Documents/OkGoogle/InvSys/app.js
[Server(2939) file:///home/tascord/Documents/OkGoogle/InvSys] Document changed: file:///home/tascord/Documents/OkGoogle/InvSys/app.js
[Server(2939) file:///home/tascord/Documents/OkGoogle/InvSys] Document changed: file:///home/tascord/Documents/OkGoogle/InvSys/app.js
[Server(2939) file:///home/tascord/Documents/OkGoogle/InvSys] Document changed: file:///home/tascord/Documents/OkGoogle/InvSys/app.js
[Server(2939) file:///home/tascord/Documents/OkGoogle/InvSys] Document changed: file:///home/tascord/Documents/OkGoogle/InvSys/app.js
Invalid Selector...
[Server(2939) file:///home/tascord/Documents/OkGoogle/InvSys] Document changed: file:///home/tascord/Documents/OkGoogle/InvSys/app.js
[Server(2939) file:///home/tascord/Documents/OkGoogle/InvSys] Document changed: file:///home/tascord/Documents/OkGoogle/InvSys/app.js
[Server(2939) file:///home/tascord/Documents/OkGoogle/InvSys] Document changed: file:///home/tascord/Documents/OkGoogle/InvSys/app.js
[Server(2939) file:///home/tascord/Documents/OkGoogle/InvSys] Document changed: file:///home/tascord/Documents/OkGoogle/InvSys/app.js
[Server(2939) file:///home/tascord/Documents/OkGoogle/InvSys] Document changed: file:///home/tascord/Documents/OkGoogle/InvSys/app.js
[Server(2939) file:///home/tascord/Documents/OkGoogle/InvSys] Document changed: file:///home/tascord/Documents/OkGoogle/InvSys/app.js
[Server(2939) file:///home/tascord/Documents/OkGoogle/InvSys] Document changed: file:///home/tascord/Documents/OkGoogle/InvSys/app.js
[Server(2939) file:///home/tascord/Documents/OkGoogle/InvSys] Document changed: file:///home/tascord/Documents/OkGoogle/InvSys/app.js
[Server(2939) file:///home/tascord/Documents/OkGoogle/InvSys] Document changed: file:///home/tascord/Documents/OkGoogle/InvSys/app.js
[Server(2939) file:///home/tascord/Documents/OkGoogle/InvSys] Document changed: file:///home/tascord/Documents/OkGoogle/InvSys/app.js
[Server(2939) file:///home/tascord/Documents/OkGoogle/InvSys] Document changed: file:///home/tascord/Documents/OkGoogle/InvSys/app.js
[Server(2939) file:///home/tascord/Documents/OkGoogle/InvSys] Document changed: file:///home/tascord/Documents/OkGoogle/InvSys/app.js
[Server(2939) file:///home/tascord/Documents/OkGoogle/InvSys] Document changed: file:///home/tascord/Documents/OkGoogle/InvSys/app.js
[Server(2939) file:///home/tascord/Documents/OkGoogle/InvSys] Document changed: file:///home/tascord/Documents/OkGoogle/InvSys/app.js
[Server(2939) file:///home/tascord/Documents/OkGoogle/InvSys] Document changed: file:///home/tascord/Documents/OkGoogle/InvSys/app.js
[Server(2939) file:///home/tascord/Documents/OkGoogle/InvSys] Document changed: file:///home/tascord/Documents/OkGoogle/InvSys/app.js
[Server(2939) file:///home/tascord/Documents/OkGoogle/InvSys] Document changed: file:///home/tascord/Documents/OkGoogle/InvSys/app.js
[Server(2939) file:///home/tascord/Documents/OkGoogle/InvSys] Document changed: file:///home/tascord/Documents/OkGoogle/InvSys/app.js
[Server(2939) file:///home/tascord/Documents/OkGoogle/InvSys] Document changed: file:///home/tascord/Documents/OkGoogle/InvSys/app.js
[Server(2939) file:///home/tascord/Documents/OkGoogle/InvSys] Document changed: file:///home/tascord/Documents/OkGoogle/InvSys/app.js
[Server(2939) file:///home/tascord/Documents/OkGoogle/InvSys] Document changed: file:///home/tascord/Documents/OkGoogle/InvSys/app.js
[Server(2939) file:///home/tascord/Documents/OkGoogle/InvSys] Document changed: file:///home/tascord/Documents/OkGoogle/InvSys/app.js
[Server(2939) file:///home/tascord/Documents/OkGoogle/InvSys] Document changed: file:///home/tascord/Documents/OkGoogle/InvSys/app.js
[Server(2939) file:///home/tascord/Documents/OkGoogle/InvSys] Document changed: file:///home/tascord/Documents/OkGoogle/InvSys/app.js
[Server(2939) file:///home/tascord/Documents/OkGoogle/InvSys] Document changed: file:///home/tascord/Documents/OkGoogle/InvSys/app.js
[Server(2939) file:///home/tascord/Documents/OkGoogle/InvSys] Document changed: file:///home/tascord/Documents/OkGoogle/InvSys/app.js
[Server(2939) file:///home/tascord/Documents/OkGoogle/InvSys] Document changed: file:///home/tascord/Documents/OkGoogle/InvSys/app.js
[Server(2939) file:///home/tascord/Documents/OkGoogle/InvSys] Document changed: file:///home/tascord/Documents/OkGoogle/InvSys/app.js
[Server(2939) file:///home/tascord/Documents/OkGoogle/InvSys] Document changed: file:///home/tascord/Documents/OkGoogle/InvSys/app.js
[Server(2939) file:///home/tascord/Documents/OkGoogle/InvSys] Document changed: file:///home/tascord/Documents/OkGoogle/InvSys/app.js
[Server(2939) file:///home/tascord/Documents/OkGoogle/InvSys] Document changed: file:///home/tascord/Documents/OkGoogle/InvSys/app.js
[Server(2939) file:///home/tascord/Documents/OkGoogle/InvSys] Document changed: file:///home/tascord/Documents/OkGoogle/InvSys/app.js
